<?xml version="1.0" encoding="UTF-8"?>
<testsuite xmlns:xsi="http://www.w3.org/2001/XMLSchema-instance" xsi:noNamespaceSchemaLocation="https://maven.apache.org/surefire/maven-surefire-plugin/xsd/surefire-test-report.xsd" name="character.CharacterShould" time="0.003" tests="17" errors="0" skipped="0" failures="0">
  <properties>
    <property name="awt.toolkit" value="sun.awt.X11.XToolkit"/>
    <property name="file.encoding.pkg" value="sun.io"/>
    <property name="java.specification.version" value="1.8"/>
    <property name="sun.cpu.isalist" value=""/>
    <property name="sun.jnu.encoding" value="UTF-8"/>
    <property name="java.class.path" value="/home/1DAW/your-codingdojos-katas/your-kata-project-using-java/target/test-classes:/home/1DAW/your-codingdojos-katas/your-kata-project-using-java/target/classes:/home/1DAW/.m2/repository/junit/junit/4.12/junit-4.12.jar:/home/1DAW/.m2/repository/org/hamcrest/hamcrest-core/1.3/hamcrest-core-1.3.jar:/home/1DAW/.m2/repository/org/mockito/mockito-core/2.16.0/mockito-core-2.16.0.jar:/home/1DAW/.m2/repository/net/bytebuddy/byte-buddy/1.7.9/byte-buddy-1.7.9.jar:/home/1DAW/.m2/repository/net/bytebuddy/byte-buddy-agent/1.7.9/byte-buddy-agent-1.7.9.jar:/home/1DAW/.m2/repository/org/objenesis/objenesis/2.6/objenesis-2.6.jar:"/>
    <property name="java.vm.vendor" value="Oracle Corporation"/>
    <property name="sun.arch.data.model" value="64"/>
    <property name="java.vendor.url" value="http://java.oracle.com/"/>
    <property name="user.timezone" value=""/>
    <property name="java.vm.specification.version" value="1.8"/>
    <property name="os.name" value="Linux"/>
    <property name="user.country" value="ES"/>
    <property name="sun.java.launcher" value="SUN_STANDARD"/>
    <property name="sun.boot.library.path" value="/usr/lib/jvm/java-8-oracle/jre/lib/amd64"/>
    <property name="sun.java.command" value="/home/1DAW/your-codingdojos-katas/your-kata-project-using-java/target/surefire/surefirebooter6062580616115135732.jar /home/1DAW/your-codingdojos-katas/your-kata-project-using-java/target/surefire 2019-06-18T20-31-37_791-jvmRun1 surefire8140189229164175552tmp surefire_01936928574570379867tmp"/>
    <property name="surefire.test.class.path" value="/home/1DAW/your-codingdojos-katas/your-kata-project-using-java/target/test-classes:/home/1DAW/your-codingdojos-katas/your-kata-project-using-java/target/classes:/home/1DAW/.m2/repository/junit/junit/4.12/junit-4.12.jar:/home/1DAW/.m2/repository/org/hamcrest/hamcrest-core/1.3/hamcrest-core-1.3.jar:/home/1DAW/.m2/repository/org/mockito/mockito-core/2.16.0/mockito-core-2.16.0.jar:/home/1DAW/.m2/repository/net/bytebuddy/byte-buddy/1.7.9/byte-buddy-1.7.9.jar:/home/1DAW/.m2/repository/net/bytebuddy/byte-buddy-agent/1.7.9/byte-buddy-agent-1.7.9.jar:/home/1DAW/.m2/repository/org/objenesis/objenesis/2.6/objenesis-2.6.jar:"/>
    <property name="sun.cpu.endian" value="little"/>
    <property name="user.home" value="/home/1DAW"/>
    <property name="user.language" value="ca"/>
    <property name="java.specification.vendor" value="Oracle Corporation"/>
    <property name="java.home" value="/usr/lib/jvm/java-8-oracle/jre"/>
    <property name="basedir" value="/home/1DAW/your-codingdojos-katas/your-kata-project-using-java"/>
    <property name="file.separator" value="/"/>
    <property name="line.separator" value="&#10;"/>
    <property name="java.vm.specification.vendor" value="Oracle Corporation"/>
    <property name="java.specification.name" value="Java Platform API Specification"/>
    <property name="java.awt.graphicsenv" value="sun.awt.X11GraphicsEnvironment"/>
    <property name="surefire.real.class.path" value="/home/1DAW/your-codingdojos-katas/your-kata-project-using-java/target/surefire/surefirebooter6062580616115135732.jar:/home/1DAW/.m2/repository/org/jacoco/org.jacoco.agent/0.8.2/org.jacoco.agent-0.8.2-runtime.jar"/>
    <property name="sun.boot.class.path" value="/usr/lib/jvm/java-8-oracle/jre/lib/resources.jar:/usr/lib/jvm/java-8-oracle/jre/lib/rt.jar:/usr/lib/jvm/java-8-oracle/jre/lib/sunrsasign.jar:/usr/lib/jvm/java-8-oracle/jre/lib/jsse.jar:/usr/lib/jvm/java-8-oracle/jre/lib/jce.jar:/usr/lib/jvm/java-8-oracle/jre/lib/charsets.jar:/usr/lib/jvm/java-8-oracle/jre/lib/jfr.jar:/usr/lib/jvm/java-8-oracle/jre/classes"/>
    <property name="sun.management.compiler" value="HotSpot 64-Bit Tiered Compilers"/>
    <property name="java.runtime.version" value="1.8.0_181-b13"/>
    <property name="user.name" value="1DAW"/>
    <property name="path.separator" value=":"/>
    <property name="os.version" value="4.4.0-130-generic"/>
    <property name="java.endorsed.dirs" value="/usr/lib/jvm/java-8-oracle/jre/lib/endorsed"/>
    <property name="java.runtime.name" value="Java(TM) SE Runtime Environment"/>
    <property name="file.encoding" value="UTF-8"/>
    <property name="java.vm.name" value="Java HotSpot(TM) 64-Bit Server VM"/>
    <property name="localRepository" value="/home/1DAW/.m2/repository"/>
    <property name="java.vendor.url.bug" value="http://bugreport.sun.com/bugreport/"/>
    <property name="java.io.tmpdir" value="/tmp"/>
    <property name="java.version" value="1.8.0_181"/>
    <property name="user.dir" value="/home/1DAW/your-codingdojos-katas/your-kata-project-using-java"/>
    <property name="os.arch" value="amd64"/>
    <property name="java.vm.specification.name" value="Java Virtual Machine Specification"/>
    <property name="java.awt.printerjob" value="sun.print.PSPrinterJob"/>
    <property name="sun.os.patch.level" value="unknown"/>
    <property name="java.library.path" value="/usr/java/packages/lib/amd64:/usr/lib64:/lib64:/lib:/usr/lib"/>
    <property name="java.vm.info" value="mixed mode"/>
    <property name="java.vendor" value="Oracle Corporation"/>
    <property name="java.vm.version" value="25.181-b13"/>
    <property name="java.ext.dirs" value="/usr/lib/jvm/java-8-oracle/jre/lib/ext:/usr/java/packages/lib/ext"/>
    <property name="sun.io.unicode.encoding" value="UnicodeLittle"/>
    <property name="java.class.version" value="52.0"/>
  </properties>
  <testcase name="check_boosted_attack" classname="character.CharacterShould" time="0"/>
  <testcase name="check_attack_success_ranged" classname="character.CharacterShould" time="0"/>
  <testcase name="heal_your_friend" classname="character.CharacterShould" time="0"/>
  <testcase name="dont_attack_your_friend" classname="character.CharacterShould" time="0"/>
  <testcase name="dont_pass_1000" classname="character.CharacterShould" time="0"/>
  <testcase name="check_attack_success_melee" classname="character.CharacterShould" time="0"/>
  <testcase name="dont_attack_me" classname="character.CharacterShould" time="0"/>
  <testcase name="is_alive" classname="character.CharacterShould" time="0"/>
  <testcase name="have_default_values" classname="character.CharacterShould" time="0"/>
  <testcase name="check_reduced_attack" classname="character.CharacterShould" time="0"/>
  <testcase name="heal_me" classname="character.CharacterShould" time="0"/>
  <testcase name="attack_other" classname="character.CharacterShould" time="0"/>
  <testcase name="check_attack_failed_ranged" classname="character.CharacterShould" time="0"/>
  <testcase name="attack_your_enemy" classname="character.CharacterShould" time="0.001"/>
  <testcase name="check_attack_failed_melee" classname="character.CharacterShould" time="0"/>
  <testcase name="dont_heal_your_enemy" classname="character.CharacterShould" time="0"/>
  <testcase name="is_dead" classname="character.CharacterShould" time="0"/>
</testsuite>